#
# There is insufficient memory for the Java Runtime Environment to continue.
# Native memory allocation (malloc) failed to allocate 65552 bytes for Chunk::new
# Possible reasons:
#   The system is out of physical RAM or swap space
#   The process is running with CompressedOops enabled, and the Java Heap may be blocking the growth of the native heap
# Possible solutions:
#   Reduce memory load on the system
#   Increase physical memory or swap space
#   Check if swap backing store is full
#   Decrease Java heap size (-Xmx/-Xms)
#   Decrease number of Java threads
#   Decrease Java thread stack sizes (-Xss)
#   Set larger code cache with -XX:ReservedCodeCacheSize=
#   JVM is running with Unscaled Compressed Oops mode in which the Java heap is
#     placed in the first 4GB address space. The Java Heap base address is the
#     maximum limit for the native heap growth. Please use -XX:HeapBaseMinAddress
#     to set the Java Heap base and to place the Java Heap above 4GB virtual address.
# This output file may be truncated or incomplete.
#
#  Out of Memory Error (arena.cpp:189), pid=17004, tid=3964
#
# JRE version: Java(TM) SE Runtime Environment (17.0.1+12) (build 17.0.1+12-LTS-39)
# Java VM: Java HotSpot(TM) 64-Bit Server VM (17.0.1+12-LTS-39, mixed mode, sharing, tiered, compressed oops, compressed class ptrs, g1 gc, windows-amd64)
# No core dump will be written. Minidumps are not enabled by default on client versions of Windows
#

---------------  S U M M A R Y ------------

Command Line: -Dfile.encoding=UTF-8 --module-path=C:\laragon\www\oovpfinalproject (2)\finalproject\finalproject\build\classes finalproject.Checkout

Host: AMD Ryzen 3 3250U with Radeon Graphics         , 4 cores, 5G,  Windows 10 , 64 bit Build 26100 (10.0.26100.3912)
Time: Tue May 27 10:52:39 2025 SE Asia Standard Time elapsed time: 1.605151 seconds (0d 0h 0m 1s)

---------------  T H R E A D  ---------------

Current thread (0x0000020cdb633cc0):  JavaThread "C2 CompilerThread0" daemon [_thread_in_native, id=3964, stack(0x000000cad4400000,0x000000cad4500000)]


Current CompileTask:
C2:   1605  865       4       java.util.Properties::loadConvert (540 bytes)

Stack: [0x000000cad4400000,0x000000cad4500000]
Native frames: (J=compiled Java code, j=interpreted, Vv=VM code, C=native code)
V  [jvm.dll+0x66fa1a]
V  [jvm.dll+0x7ce5a4]
V  [jvm.dll+0x7cfd4e]
V  [jvm.dll+0x7d03b3]
V  [jvm.dll+0x242b05]
V  [jvm.dll+0xaa05b]
V  [jvm.dll+0xaa5ec]
V  [jvm.dll+0xaa16b]
V  [jvm.dll+0x64e46c]
V  [jvm.dll+0x5fcf97]
V  [jvm.dll+0x6027bb]
V  [jvm.dll+0x603582]
V  [jvm.dll+0x601ae4]
V  [jvm.dll+0x215a68]
V  [jvm.dll+0x215011]
V  [jvm.dll+0x1a168d]
V  [jvm.dll+0x224848]
V  [jvm.dll+0x2229ac]
V  [jvm.dll+0x78435b]
V  [jvm.dll+0x77e91a]
V  [jvm.dll+0x66e845]
C  [ucrtbase.dll+0x37b0]
C  [KERNEL32.DLL+0x2e8d7]
C  [ntdll.dll+0x9c5dc]


---------------  P R O C E S S  ---------------

Threads class SMR info:
_java_thread_list=0x0000020cdd4aa9d0, length=18, elements={
0x0000020cdb6132e0, 0x0000020cdb614910, 0x0000020cdb6216c0, 0x0000020cdb624190,
0x0000020cdb6257c0, 0x0000020cdb630c10, 0x0000020cdb633cc0, 0x0000020cdb634fc0,
0x0000020cdb648120, 0x0000020cdb5fe450, 0x0000020cdc1256b0, 0x0000020cdc319990,
0x0000020cdc312040, 0x0000020cdc312510, 0x0000020cdc3c6240, 0x0000020cbe935350,
0x0000020cdd47c800, 0x0000020cdd4aa440
}

Java Threads: ( => current thread )
  0x0000020cdb6132e0 JavaThread "Reference Handler" daemon [_thread_blocked, id=35604, stack(0x000000cad3e00000,0x000000cad3f00000)]
  0x0000020cdb614910 JavaThread "Finalizer" daemon [_thread_blocked, id=32552, stack(0x000000cad3f00000,0x000000cad4000000)]
  0x0000020cdb6216c0 JavaThread "Signal Dispatcher" daemon [_thread_blocked, id=9948, stack(0x000000cad4000000,0x000000cad4100000)]
  0x0000020cdb624190 JavaThread "Attach Listener" daemon [_thread_blocked, id=12948, stack(0x000000cad4100000,0x000000cad4200000)]
  0x0000020cdb6257c0 JavaThread "Service Thread" daemon [_thread_blocked, id=27840, stack(0x000000cad4200000,0x000000cad4300000)]
  0x0000020cdb630c10 JavaThread "Monitor Deflation Thread" daemon [_thread_blocked, id=32944, stack(0x000000cad4300000,0x000000cad4400000)]
=>0x0000020cdb633cc0 JavaThread "C2 CompilerThread0" daemon [_thread_in_native, id=3964, stack(0x000000cad4400000,0x000000cad4500000)]
  0x0000020cdb634fc0 JavaThread "C1 CompilerThread0" daemon [_thread_blocked, id=31816, stack(0x000000cad4500000,0x000000cad4600000)]
  0x0000020cdb648120 JavaThread "Sweeper thread" daemon [_thread_blocked, id=35444, stack(0x000000cad4600000,0x000000cad4700000)]
  0x0000020cdb5fe450 JavaThread "Common-Cleaner" daemon [_thread_blocked, id=25176, stack(0x000000cad4700000,0x000000cad4800000)]
  0x0000020cdc1256b0 JavaThread "Notification Thread" daemon [_thread_blocked, id=30088, stack(0x000000cad4800000,0x000000cad4900000)]
  0x0000020cdc319990 JavaThread "Java2D Disposer" daemon [_thread_blocked, id=29192, stack(0x000000cad4a00000,0x000000cad4b00000)]
  0x0000020cdc312040 JavaThread "AWT-Shutdown" [_thread_blocked, id=33428, stack(0x000000cad4b00000,0x000000cad4c00000)]
  0x0000020cdc312510 JavaThread "AWT-Windows" daemon [_thread_in_native, id=30512, stack(0x000000cad4c00000,0x000000cad4d00000)]
  0x0000020cdc3c6240 JavaThread "AWT-EventQueue-0" [_thread_in_vm, id=32700, stack(0x000000cad4d00000,0x000000cad4e00000)]
  0x0000020cbe935350 JavaThread "DestroyJavaVM" [_thread_blocked, id=35416, stack(0x000000cad3700000,0x000000cad3800000)]
  0x0000020cdd47c800 JavaThread "mysql-cj-abandoned-connection-cleanup" daemon [_thread_blocked, id=15628, stack(0x000000cad5500000,0x000000cad5600000)]
  0x0000020cdd4aa440 JavaThread "C2 CompilerThread1" daemon [_thread_in_native, id=17288, stack(0x000000cad5600000,0x000000cad5700000)]

Other Threads:
  0x0000020cdb60ddb0 VMThread "VM Thread" [stack: 0x000000cad3d00000,0x000000cad3e00000] [id=29748]
  0x0000020cdc1263a0 WatcherThread [stack: 0x000000cad4900000,0x000000cad4a00000] [id=14664]
  0x0000020cbe96ca50 GCTaskThread "GC Thread#0" [stack: 0x000000cad3800000,0x000000cad3900000] [id=31528]
  0x0000020cbe97b590 ConcurrentGCThread "G1 Main Marker" [stack: 0x000000cad3900000,0x000000cad3a00000] [id=25604]
  0x0000020cbe97cbb0 ConcurrentGCThread "G1 Conc#0" [stack: 0x000000cad3a00000,0x000000cad3b00000] [id=1760]
  0x0000020cbe9d3380 ConcurrentGCThread "G1 Refine#0" [stack: 0x000000cad3b00000,0x000000cad3c00000] [id=28992]
  0x0000020cdb4d0090 ConcurrentGCThread "G1 Service" [stack: 0x000000cad3c00000,0x000000cad3d00000] [id=30888]

Threads with active compile tasks:
C2 CompilerThread0     1717  865       4       java.util.Properties::loadConvert (540 bytes)
C2 CompilerThread1     1717  874       4       java.util.HashMap::putVal (300 bytes)

VM state: not at safepoint (normal execution)

VM Mutex/Monitor currently owned by a thread:  ([mutex/lock_event])
[0x0000020cbcecfe70] Metaspace_lock - owner thread: 0x0000020cdc3c6240

Heap address: 0x00000000a0c00000, size: 1524 MB, Compressed Oops mode: 32-bit

CDS archive(s) mapped at: [0x0000000800000000-0x0000000800bc0000-0x0000000800bc0000), size 12320768, SharedBaseAddress: 0x0000000800000000, ArchiveRelocationMode: 0.
Compressed class space mapped at: 0x0000000800c00000-0x0000000840c00000, reserved size: 1073741824
Narrow klass base: 0x0000000800000000, Narrow klass shift: 0, Narrow klass range: 0x100000000

GC Precious Log:
 CPUs: 4 total, 4 available
 Memory: 6094M
 Large Page Support: Disabled
 NUMA Support: Disabled
 Compressed Oops: Enabled (32-bit)
 Heap Region Size: 1M
 Heap Min Capacity: 8M
 Heap Initial Capacity: 96M
 Heap Max Capacity: 1524M
 Pre-touch: Disabled
 Parallel Workers: 4
 Concurrent Workers: 1
 Concurrent Refinement Workers: 4
 Periodic GC: Disabled

Heap:
 garbage-first heap   total 98304K, used 8192K [0x00000000a0c00000, 0x0000000100000000)
  region size 1024K, 9 young (9216K), 0 survivors (0K)
 Metaspace       used 9308K, committed 9472K, reserved 1064960K
  class space    used 1095K, committed 1152K, reserved 1048576K

Heap Regions: E=young(eden), S=young(survivor), O=old, HS=humongous(starts), HC=humongous(continues), CS=collection set, F=free, OA=open archive, CA=closed archive, TAMS=top-at-mark-start (previous, next)
|   0|0x00000000a0c00000, 0x00000000a0c00000, 0x00000000a0d00000|  0%| F|  |TAMS 0x00000000a0c00000, 0x00000000a0c00000| Untracked 
|   1|0x00000000a0d00000, 0x00000000a0d00000, 0x00000000a0e00000|  0%| F|  |TAMS 0x00000000a0d00000, 0x00000000a0d00000| Untracked 
|   2|0x00000000a0e00000, 0x00000000a0e00000, 0x00000000a0f00000|  0%| F|  |TAMS 0x00000000a0e00000, 0x00000000a0e00000| Untracked 
|   3|0x00000000a0f00000, 0x00000000a0f00000, 0x00000000a1000000|  0%| F|  |TAMS 0x00000000a0f00000, 0x00000000a0f00000| Untracked 
|   4|0x00000000a1000000, 0x00000000a1000000, 0x00000000a1100000|  0%| F|  |TAMS 0x00000000a1000000, 0x00000000a1000000| Untracked 
|   5|0x00000000a1100000, 0x00000000a1100000, 0x00000000a1200000|  0%| F|  |TAMS 0x00000000a1100000, 0x00000000a1100000| Untracked 
|   6|0x00000000a1200000, 0x00000000a1200000, 0x00000000a1300000|  0%| F|  |TAMS 0x00000000a1200000, 0x00000000a1200000| Untracked 
|   7|0x00000000a1300000, 0x00000000a1300000, 0x00000000a1400000|  0%| F|  |TAMS 0x00000000a1300000, 0x00000000a1300000| Untracked 
|   8|0x00000000a1400000, 0x00000000a1400000, 0x00000000a1500000|  0%| F|  |TAMS 0x00000000a1400000, 0x00000000a1400000| Untracked 
|   9|0x00000000a1500000, 0x00000000a1500000, 0x00000000a1600000|  0%| F|  |TAMS 0x00000000a1500000, 0x00000000a1500000| Untracked 
|  10|0x00000000a1600000, 0x00000000a1600000, 0x00000000a1700000|  0%| F|  |TAMS 0x00000000a1600000, 0x00000000a1600000| Untracked 
|  11|0x00000000a1700000, 0x00000000a1700000, 0x00000000a1800000|  0%| F|  |TAMS 0x00000000a1700000, 0x00000000a1700000| Untracked 
|  12|0x00000000a1800000, 0x00000000a1800000, 0x00000000a1900000|  0%| F|  |TAMS 0x00000000a1800000, 0x00000000a1800000| Untracked 
|  13|0x00000000a1900000, 0x00000000a1900000, 0x00000000a1a00000|  0%| F|  |TAMS 0x00000000a1900000, 0x00000000a1900000| Untracked 
|  14|0x00000000a1a00000, 0x00000000a1a00000, 0x00000000a1b00000|  0%| F|  |TAMS 0x00000000a1a00000, 0x00000000a1a00000| Untracked 
|  15|0x00000000a1b00000, 0x00000000a1b00000, 0x00000000a1c00000|  0%| F|  |TAMS 0x00000000a1b00000, 0x00000000a1b00000| Untracked 
|  16|0x00000000a1c00000, 0x00000000a1c00000, 0x00000000a1d00000|  0%| F|  |TAMS 0x00000000a1c00000, 0x00000000a1c00000| Untracked 
|  17|0x00000000a1d00000, 0x00000000a1d00000, 0x00000000a1e00000|  0%| F|  |TAMS 0x00000000a1d00000, 0x00000000a1d00000| Untracked 
|  18|0x00000000a1e00000, 0x00000000a1e00000, 0x00000000a1f00000|  0%| F|  |TAMS 0x00000000a1e00000, 0x00000000a1e00000| Untracked 
|  19|0x00000000a1f00000, 0x00000000a1f00000, 0x00000000a2000000|  0%| F|  |TAMS 0x00000000a1f00000, 0x00000000a1f00000| Untracked 
|  20|0x00000000a2000000, 0x00000000a2000000, 0x00000000a2100000|  0%| F|  |TAMS 0x00000000a2000000, 0x00000000a2000000| Untracked 
|  21|0x00000000a2100000, 0x00000000a2100000, 0x00000000a2200000|  0%| F|  |TAMS 0x00000000a2100000, 0x00000000a2100000| Untracked 
|  22|0x00000000a2200000, 0x00000000a2200000, 0x00000000a2300000|  0%| F|  |TAMS 0x00000000a2200000, 0x00000000a2200000| Untracked 
|  23|0x00000000a2300000, 0x00000000a2300000, 0x00000000a2400000|  0%| F|  |TAMS 0x00000000a2300000, 0x00000000a2300000| Untracked 
|  24|0x00000000a2400000, 0x00000000a2400000, 0x00000000a2500000|  0%| F|  |TAMS 0x00000000a2400000, 0x00000000a2400000| Untracked 
|  25|0x00000000a2500000, 0x00000000a2500000, 0x00000000a2600000|  0%| F|  |TAMS 0x00000000a2500000, 0x00000000a2500000| Untracked 
|  26|0x00000000a2600000, 0x00000000a2600000, 0x00000000a2700000|  0%| F|  |TAMS 0x00000000a2600000, 0x00000000a2600000| Untracked 
|  27|0x00000000a2700000, 0x00000000a2700000, 0x00000000a2800000|  0%| F|  |TAMS 0x00000000a2700000, 0x00000000a2700000| Untracked 
|  28|0x00000000a2800000, 0x00000000a2800000, 0x00000000a2900000|  0%| F|  |TAMS 0x00000000a2800000, 0x00000000a2800000| Untracked 
|  29|0x00000000a2900000, 0x00000000a2900000, 0x00000000a2a00000|  0%| F|  |TAMS 0x00000000a2900000, 0x00000000a2900000| Untracked 
|  30|0x00000000a2a00000, 0x00000000a2a00000, 0x00000000a2b00000|  0%| F|  |TAMS 0x00000000a2a00000, 0x00000000a2a00000| Untracked 
|  31|0x00000000a2b00000, 0x00000000a2b00000, 0x00000000a2c00000|  0%| F|  |TAMS 0x00000000a2b00000, 0x00000000a2b00000| Untracked 
|  32|0x00000000a2c00000, 0x00000000a2c00000, 0x00000000a2d00000|  0%| F|  |TAMS 0x00000000a2c00000, 0x00000000a2c00000| Untracked 
|  33|0x00000000a2d00000, 0x00000000a2d00000, 0x00000000a2e00000|  0%| F|  |TAMS 0x00000000a2d00000, 0x00000000a2d00000| Untracked 
|  34|0x00000000a2e00000, 0x00000000a2e00000, 0x00000000a2f00000|  0%| F|  |TAMS 0x00000000a2e00000, 0x00000000a2e00000| Untracked 
|  35|0x00000000a2f00000, 0x00000000a2f00000, 0x00000000a3000000|  0%| F|  |TAMS 0x00000000a2f00000, 0x00000000a2f00000| Untracked 
|  36|0x00000000a3000000, 0x00000000a3000000, 0x00000000a3100000|  0%| F|  |TAMS 0x00000000a3000000, 0x00000000a3000000| Untracked 
|  37|0x00000000a3100000, 0x00000000a3100000, 0x00000000a3200000|  0%| F|  |TAMS 0x00000000a3100000, 0x00000000a3100000| Untracked 
|  38|0x00000000a3200000, 0x00000000a3200000, 0x00000000a3300000|  0%| F|  |TAMS 0x00000000a3200000, 0x00000000a3200000| Untracked 
|  39|0x00000000a3300000, 0x00000000a3300000, 0x00000000a3400000|  0%| F|  |TAMS 0x00000000a3300000, 0x00000000a3300000| Untracked 
|  40|0x00000000a3400000, 0x00000000a3400000, 0x00000000a3500000|  0%| F|  |TAMS 0x00000000a3400000, 0x00000000a3400000| Untracked 
|  41|0x00000000a3500000, 0x00000000a3500000, 0x00000000a3600000|  0%| F|  |TAMS 0x00000000a3500000, 0x00000000a3500000| Untracked 
|  42|0x00000000a3600000, 0x00000000a3600000, 0x00000000a3700000|  0%| F|  |TAMS 0x00000000a3600000, 0x00000000a3600000| Untracked 
|  43|0x00000000a3700000, 0x00000000a3700000, 0x00000000a3800000|  0%| F|  |TAMS 0x00000000a3700000, 0x00000000a3700000| Untracked 
|  44|0x00000000a3800000, 0x00000000a3800000, 0x00000000a3900000|  0%| F|  |TAMS 0x00000000a3800000, 0x00000000a3800000| Untracked 
|  45|0x00000000a3900000, 0x00000000a3900000, 0x00000000a3a00000|  0%| F|  |TAMS 0x00000000a3900000, 0x00000000a3900000| Untracked 
|  46|0x00000000a3a00000, 0x00000000a3a00000, 0x00000000a3b00000|  0%| F|  |TAMS 0x00000000a3a00000, 0x00000000a3a00000| Untracked 
|  47|0x00000000a3b00000, 0x00000000a3b00000, 0x00000000a3c00000|  0%| F|  |TAMS 0x00000000a3b00000, 0x00000000a3b00000| Untracked 
|  48|0x00000000a3c00000, 0x00000000a3c00000, 0x00000000a3d00000|  0%| F|  |TAMS 0x00000000a3c00000, 0x00000000a3c00000| Untracked 
|  49|0x00000000a3d00000, 0x00000000a3d00000, 0x00000000a3e00000|  0%| F|  |TAMS 0x00000000a3d00000, 0x00000000a3d00000| Untracked 
|  50|0x00000000a3e00000, 0x00000000a3e00000, 0x00000000a3f00000|  0%| F|  |TAMS 0x00000000a3e00000, 0x00000000a3e00000| Untracked 
|  51|0x00000000a3f00000, 0x00000000a3f00000, 0x00000000a4000000|  0%| F|  |TAMS 0x00000000a3f00000, 0x00000000a3f00000| Untracked 
|  52|0x00000000a4000000, 0x00000000a4000000, 0x00000000a4100000|  0%| F|  |TAMS 0x00000000a4000000, 0x00000000a4000000| Untracked 
|  53|0x00000000a4100000, 0x00000000a4100000, 0x00000000a4200000|  0%| F|  |TAMS 0x00000000a4100000, 0x00000000a4100000| Untracked 
|  54|0x00000000a4200000, 0x00000000a4200000, 0x00000000a4300000|  0%| F|  |TAMS 0x00000000a4200000, 0x00000000a4200000| Untracked 
|  55|0x00000000a4300000, 0x00000000a4300000, 0x00000000a4400000|  0%| F|  |TAMS 0x00000000a4300000, 0x00000000a4300000| Untracked 
|  56|0x00000000a4400000, 0x00000000a4400000, 0x00000000a4500000|  0%| F|  |TAMS 0x00000000a4400000, 0x00000000a4400000| Untracked 
|  57|0x00000000a4500000, 0x00000000a4500000, 0x00000000a4600000|  0%| F|  |TAMS 0x00000000a4500000, 0x00000000a4500000| Untracked 
|  58|0x00000000a4600000, 0x00000000a4600000, 0x00000000a4700000|  0%| F|  |TAMS 0x00000000a4600000, 0x00000000a4600000| Untracked 
|  59|0x00000000a4700000, 0x00000000a4700000, 0x00000000a4800000|  0%| F|  |TAMS 0x00000000a4700000, 0x00000000a4700000| Untracked 
|  60|0x00000000a4800000, 0x00000000a4800000, 0x00000000a4900000|  0%| F|  |TAMS 0x00000000a4800000, 0x00000000a4800000| Untracked 
|  61|0x00000000a4900000, 0x00000000a4900000, 0x00000000a4a00000|  0%| F|  |TAMS 0x00000000a4900000, 0x00000000a4900000| Untracked 
|  62|0x00000000a4a00000, 0x00000000a4a00000, 0x00000000a4b00000|  0%| F|  |TAMS 0x00000000a4a00000, 0x00000000a4a00000| Untracked 
|  63|0x00000000a4b00000, 0x00000000a4b00000, 0x00000000a4c00000|  0%| F|  |TAMS 0x00000000a4b00000, 0x00000000a4b00000| Untracked 
|  64|0x00000000a4c00000, 0x00000000a4c00000, 0x00000000a4d00000|  0%| F|  |TAMS 0x00000000a4c00000, 0x00000000a4c00000| Untracked 
|  65|0x00000000a4d00000, 0x00000000a4d00000, 0x00000000a4e00000|  0%| F|  |TAMS 0x00000000a4d00000, 0x00000000a4d00000| Untracked 
|  66|0x00000000a4e00000, 0x00000000a4e00000, 0x00000000a4f00000|  0%| F|  |TAMS 0x00000000a4e00000, 0x00000000a4e00000| Untracked 
|  67|0x00000000a4f00000, 0x00000000a4f00000, 0x00000000a5000000|  0%| F|  |TAMS 0x00000000a4f00000, 0x00000000a4f00000| Untracked 
|  68|0x00000000a5000000, 0x00000000a5000000, 0x00000000a5100000|  0%| F|  |TAMS 0x00000000a5000000, 0x00000000a5000000| Untracked 
|  69|0x00000000a5100000, 0x00000000a5100000, 0x00000000a5200000|  0%| F|  |TAMS 0x00000000a5100000, 0x00000000a5100000| Untracked 
|  70|0x00000000a5200000, 0x00000000a5200000, 0x00000000a5300000|  0%| F|  |TAMS 0x00000000a5200000, 0x00000000a5200000| Untracked 
|  71|0x00000000a5300000, 0x00000000a5300000, 0x00000000a5400000|  0%| F|  |TAMS 0x00000000a5300000, 0x00000000a5300000| Untracked 
|  72|0x00000000a5400000, 0x00000000a5400000, 0x00000000a5500000|  0%| F|  |TAMS 0x00000000a5400000, 0x00000000a5400000| Untracked 
|  73|0x00000000a5500000, 0x00000000a5500000, 0x00000000a5600000|  0%| F|  |TAMS 0x00000000a5500000, 0x00000000a5500000| Untracked 
|  74|0x00000000a5600000, 0x00000000a5600000, 0x00000000a5700000|  0%| F|  |TAMS 0x00000000a5600000, 0x00000000a5600000| Untracked 
|  75|0x00000000a5700000, 0x00000000a5700000, 0x00000000a5800000|  0%| F|  |TAMS 0x00000000a5700000, 0x00000000a5700000| Untracked 
|  76|0x00000000a5800000, 0x00000000a5800000, 0x00000000a5900000|  0%| F|  |TAMS 0x00000000a5800000, 0x00000000a5800000| Untracked 
|  77|0x00000000a5900000, 0x00000000a5900000, 0x00000000a5a00000|  0%| F|  |TAMS 0x00000000a5900000, 0x00000000a5900000| Untracked 
|  78|0x00000000a5a00000, 0x00000000a5a00000, 0x00000000a5b00000|  0%| F|  |TAMS 0x00000000a5a00000, 0x00000000a5a00000| Untracked 
|  79|0x00000000a5b00000, 0x00000000a5b00000, 0x00000000a5c00000|  0%| F|  |TAMS 0x00000000a5b00000, 0x00000000a5b00000| Untracked 
|  80|0x00000000a5c00000, 0x00000000a5c00000, 0x00000000a5d00000|  0%| F|  |TAMS 0x00000000a5c00000, 0x00000000a5c00000| Untracked 
|  81|0x00000000a5d00000, 0x00000000a5d00000, 0x00000000a5e00000|  0%| F|  |TAMS 0x00000000a5d00000, 0x00000000a5d00000| Untracked 
|  82|0x00000000a5e00000, 0x00000000a5e00000, 0x00000000a5f00000|  0%| F|  |TAMS 0x00000000a5e00000, 0x00000000a5e00000| Untracked 
|  83|0x00000000a5f00000, 0x00000000a5f00000, 0x00000000a6000000|  0%| F|  |TAMS 0x00000000a5f00000, 0x00000000a5f00000| Untracked 
|  84|0x00000000a6000000, 0x00000000a6000000, 0x00000000a6100000|  0%| F|  |TAMS 0x00000000a6000000, 0x00000000a6000000| Untracked 
|  85|0x00000000a6100000, 0x00000000a6100000, 0x00000000a6200000|  0%| F|  |TAMS 0x00000000a6100000, 0x00000000a6100000| Untracked 
|  86|0x00000000a6200000, 0x00000000a6200000, 0x00000000a6300000|  0%| F|  |TAMS 0x00000000a6200000, 0x00000000a6200000| Untracked 
|  87|0x00000000a6300000, 0x00000000a6385c58, 0x00000000a6400000| 52%| E|  |TAMS 0x00000000a6300000, 0x00000000a6300000| Complete 
|  88|0x00000000a6400000, 0x00000000a6500000, 0x00000000a6500000|100%| E|CS|TAMS 0x00000000a6400000, 0x00000000a6400000| Complete 
|  89|0x00000000a6500000, 0x00000000a6600000, 0x00000000a6600000|100%| E|CS|TAMS 0x00000000a6500000, 0x00000000a6500000| Complete 
|  90|0x00000000a6600000, 0x00000000a6700000, 0x00000000a6700000|100%| E|CS|TAMS 0x00000000a6600000, 0x00000000a6600000| Complete 
|  91|0x00000000a6700000, 0x00000000a6800000, 0x00000000a6800000|100%| E|CS|TAMS 0x00000000a6700000, 0x00000000a6700000| Complete 
|  92|0x00000000a6800000, 0x00000000a6900000, 0x00000000a6900000|100%| E|CS|TAMS 0x00000000a6800000, 0x00000000a6800000| Complete 
|  93|0x00000000a6900000, 0x00000000a6a00000, 0x00000000a6a00000|100%| E|CS|TAMS 0x00000000a6900000, 0x00000000a6900000| Complete 
|  94|0x00000000a6a00000, 0x00000000a6b00000, 0x00000000a6b00000|100%| E|CS|TAMS 0x00000000a6a00000, 0x00000000a6a00000| Complete 
|  95|0x00000000a6b00000, 0x00000000a6c00000, 0x00000000a6c00000|100%| E|CS|TAMS 0x00000000a6b00000, 0x00000000a6b00000| Complete 

Card table byte_map: [0x0000020cd5ae0000,0x0000020cd5de0000] _byte_map_base: 0x0000020cd55da000

Marking Bits (Prev, Next): (CMBitMap*) 0x0000020cbe96d060, (CMBitMap*) 0x0000020cbe96d0a0
 Prev Bits: [0x0000020cd60e0000, 0x0000020cd78b0000)
 Next Bits: [0x0000020cd78b0000, 0x0000020cd9080000)

Polling page: 0x0000020cbce70000

Metaspace:

Usage:
  Non-class:      8.02 MB used.
      Class:      1.07 MB used.
       Both:      9.09 MB used.

Virtual space:
  Non-class space:       16.00 MB reserved,       8.12 MB ( 51%) committed,  2 nodes.
      Class space:        1.00 GB reserved,       1.12 MB ( <1%) committed,  1 nodes.
             Both:        1.02 GB reserved,       9.25 MB ( <1%) committed. 

Chunk freelists:
   Non-Class:  2.96 MB
       Class:  2.70 MB
        Both:  5.67 MB

MaxMetaspaceSize: unlimited
CompressedClassSpaceSize: 1.00 GB
Initial GC threshold: 21.00 MB
Current GC threshold: 21.00 MB
CDS: on
MetaspaceReclaimPolicy: balanced
 - commit_granule_bytes: 65536.
 - commit_granule_words: 8192.
 - virtual_space_node_default_size: 1048576.
 - enlarge_chunks_in_place: 1.
 - new_chunks_are_fully_committed: 0.
 - uncommit_free_chunks: 1.
 - use_allocation_guard: 0.
 - handle_deallocations: 1.


Internal statistics:

num_allocs_failed_limit: 0.
num_arena_births: 124.
num_arena_deaths: 0.
num_vsnodes_births: 3.
num_vsnodes_deaths: 0.
num_space_committed: 148.
num_space_uncommitted: 0.
num_chunks_returned_to_freelist: 0.
num_chunks_taken_from_freelist: 191.
num_chunk_merges: 0.
num_chunk_splits: 104.
num_chunks_enlarged: 43.
num_purges: 0.
num_inconsistent_stats: 0.

CodeHeap 'non-profiled nmethods': size=120000Kb used=243Kb max_used=243Kb free=119756Kb
 bounds [0x0000020ccdc90000, 0x0000020ccdf00000, 0x0000020cd51c0000]
CodeHeap 'profiled nmethods': size=120000Kb used=1331Kb max_used=1331Kb free=118668Kb
 bounds [0x0000020cc6760000, 0x0000020cc69d0000, 0x0000020ccdc90000]
CodeHeap 'non-nmethods': size=5760Kb used=1276Kb max_used=1290Kb free=4483Kb
 bounds [0x0000020cc61c0000, 0x0000020cc6430000, 0x0000020cc6760000]
 total_blobs=1473 nmethods=872 adapters=514
 compilation: enabled
              stopped_count=0, restarted_count=0
 full_count=0

Compilation events (20 events):
Event: 1.532 Thread 0x0000020cdb634fc0 nmethod 867 0x0000020cc68a9510 code [0x0000020cc68a96c0, 0x0000020cc68a99b8]
Event: 1.533 Thread 0x0000020cdb633cc0  865       4       java.util.Properties::loadConvert (540 bytes)
Event: 1.540 Thread 0x0000020cdb634fc0  870       1       java.util.concurrent.ConcurrentHashMap$MapEntry::getKey (5 bytes)
Event: 1.540 Thread 0x0000020cdb634fc0 nmethod 870 0x0000020ccdccbf10 code [0x0000020ccdccc0a0, 0x0000020ccdccc178]
Event: 1.540 Thread 0x0000020cdb634fc0  871       1       java.util.concurrent.ConcurrentHashMap$MapEntry::getValue (5 bytes)
Event: 1.540 Thread 0x0000020cdb634fc0 nmethod 871 0x0000020ccdccc210 code [0x0000020ccdccc3a0, 0x0000020ccdccc478]
Event: 1.540 Thread 0x0000020cdb634fc0  872       3       java.util.concurrent.ConcurrentHashMap$EntryIterator::next (5 bytes)
Event: 1.541 Thread 0x0000020cdb634fc0 nmethod 872 0x0000020cc68a9a90 code [0x0000020cc68a9c20, 0x0000020cc68a9d68]
Event: 1.541 Thread 0x0000020cdb634fc0  873       3       java.util.concurrent.ConcurrentHashMap$EntryIterator::next (51 bytes)
Event: 1.541 Thread 0x0000020cdb634fc0 nmethod 873 0x0000020cc68a9e10 code [0x0000020cc68a9fe0, 0x0000020cc68aa498]
Event: 1.541 Thread 0x0000020cdb634fc0  875       3       java.util.concurrent.ConcurrentHashMap$MapEntry::<init> (20 bytes)
Event: 1.542 Thread 0x0000020cdb634fc0 nmethod 875 0x0000020cc68aa610 code [0x0000020cc68aa7c0, 0x0000020cc68aaa38]
Event: 1.542 Thread 0x0000020cdb634fc0  877       3       java.lang.StringLatin1::indexOf (121 bytes)
Event: 1.543 Thread 0x0000020cdb634fc0 nmethod 877 0x0000020cc68aab10 code [0x0000020cc68aace0, 0x0000020cc68ab1d8]
Event: 1.543 Thread 0x0000020cdb634fc0  879       3       jdk.internal.jimage.ImageLocation::verify (218 bytes)
Event: 1.544 Thread 0x0000020cdb634fc0 nmethod 879 0x0000020cc68ab410 code [0x0000020cc68ab6c0, 0x0000020cc68ac458]
Event: 1.544 Thread 0x0000020cdb634fc0  878       1       java.net.URL::getFile (5 bytes)
Event: 1.545 Thread 0x0000020cdb634fc0 nmethod 878 0x0000020ccdccc510 code [0x0000020ccdccc6a0, 0x0000020ccdccc778]
Event: 1.545 Thread 0x0000020cdb634fc0  880       3       java.util.zip.ZipFile::ensureOpen (40 bytes)
Event: 1.546 Thread 0x0000020cdb634fc0 nmethod 880 0x0000020cc68ac990 code [0x0000020cc68acb60, 0x0000020cc68ace78]

GC Heap History (0 events):
No events

Deoptimization events (20 events):
Event: 0.610 Thread 0x0000020cbe935350 DEOPT PACKING pc=0x0000020ccdcafce4 sp=0x000000cad37ff130
Event: 0.610 Thread 0x0000020cbe935350 DEOPT UNPACKING pc=0x0000020cc62123a3 sp=0x000000cad37ff0d0 mode 2
Event: 0.872 Thread 0x0000020cdc3c6240 DEOPT PACKING pc=0x0000020cc67744e7 sp=0x000000cad4dfe450
Event: 0.872 Thread 0x0000020cdc3c6240 DEOPT UNPACKING pc=0x0000020cc6212b43 sp=0x000000cad4dfd870 mode 0
Event: 0.989 Thread 0x0000020cdc3c6240 Uncommon trap: trap_request=0xffffff45 fr.pc=0x0000020ccdcb9f4c relative=0x000000000000022c
Event: 0.989 Thread 0x0000020cdc3c6240 Uncommon trap: reason=unstable_if action=reinterpret pc=0x0000020ccdcb9f4c method=java.util.HashMap.getNode(Ljava/lang/Object;)Ljava/util/HashMap$Node; @ 85 c2
Event: 0.989 Thread 0x0000020cdc3c6240 DEOPT PACKING pc=0x0000020ccdcb9f4c sp=0x000000cad4dfd910
Event: 0.989 Thread 0x0000020cdc3c6240 DEOPT UNPACKING pc=0x0000020cc62123a3 sp=0x000000cad4dfd880 mode 2
Event: 0.989 Thread 0x0000020cdc3c6240 Uncommon trap: trap_request=0xffffff45 fr.pc=0x0000020ccdcbe448 relative=0x0000000000000228
Event: 0.989 Thread 0x0000020cdc3c6240 Uncommon trap: reason=unstable_if action=reinterpret pc=0x0000020ccdcbe448 method=java.util.HashMap.getNode(Ljava/lang/Object;)Ljava/util/HashMap$Node; @ 85 c2
Event: 0.989 Thread 0x0000020cdc3c6240 DEOPT PACKING pc=0x0000020ccdcbe448 sp=0x000000cad4dfd950
Event: 0.989 Thread 0x0000020cdc3c6240 DEOPT UNPACKING pc=0x0000020cc62123a3 sp=0x000000cad4dfd860 mode 2
Event: 1.540 Thread 0x0000020cdc3c6240 Uncommon trap: trap_request=0xffffffde fr.pc=0x0000020ccdcb8d68 relative=0x0000000000000968
Event: 1.540 Thread 0x0000020cdc3c6240 Uncommon trap: reason=class_check action=maybe_recompile pc=0x0000020ccdcb8d68 method=java.util.HashMap.putVal(ILjava/lang/Object;Ljava/lang/Object;ZZ)Ljava/lang/Object; @ 203 c2
Event: 1.541 Thread 0x0000020cdc3c6240 DEOPT PACKING pc=0x0000020ccdcb8d68 sp=0x000000cad4dfbee0
Event: 1.541 Thread 0x0000020cdc3c6240 DEOPT UNPACKING pc=0x0000020cc62123a3 sp=0x000000cad4dfbec0 mode 2
Event: 1.541 Thread 0x0000020cdc3c6240 Uncommon trap: trap_request=0xffffffde fr.pc=0x0000020ccdcb8d68 relative=0x0000000000000968
Event: 1.541 Thread 0x0000020cdc3c6240 Uncommon trap: reason=class_check action=maybe_recompile pc=0x0000020ccdcb8d68 method=java.util.HashMap.putVal(ILjava/lang/Object;Ljava/lang/Object;ZZ)Ljava/lang/Object; @ 203 c2
Event: 1.541 Thread 0x0000020cdc3c6240 DEOPT PACKING pc=0x0000020ccdcb8d68 sp=0x000000cad4dfbee0
Event: 1.541 Thread 0x0000020cdc3c6240 DEOPT UNPACKING pc=0x0000020cc62123a3 sp=0x000000cad4dfbec0 mode 2

Classes unloaded (0 events):
No events

Classes redefined (0 events):
No events

Internal exceptions (20 events):
Event: 0.596 Thread 0x0000020cbe935350 Exception <a 'java/lang/ClassNotFoundException'{0x00000000a661de00}: EditorPane> (0x00000000a661de00) 
thrown [t:\workspace\open\src\hotspot\share\classfile\systemDictionary.cpp, line 256]
Event: 0.597 Thread 0x0000020cbe935350 Exception <a 'java/lang/ClassNotFoundException'{0x00000000a661e760}: ToolBar> (0x00000000a661e760) 
thrown [t:\workspace\open\src\hotspot\share\classfile\systemDictionary.cpp, line 256]
Event: 0.597 Thread 0x0000020cbe935350 Exception <a 'java/lang/ClassNotFoundException'{0x00000000a661ec58}: ToolBar> (0x00000000a661ec58) 
thrown [t:\workspace\open\src\hotspot\share\classfile\systemDictionary.cpp, line 256]
Event: 0.597 Thread 0x0000020cbe935350 Exception <a 'java/lang/ClassNotFoundException'{0x00000000a661efb8}: Button> (0x00000000a661efb8) 
thrown [t:\workspace\open\src\hotspot\share\classfile\systemDictionary.cpp, line 256]
Event: 0.597 Thread 0x0000020cbe935350 Exception <a 'java/lang/ClassNotFoundException'{0x00000000a661f480}: ToolBar> (0x00000000a661f480) 
thrown [t:\workspace\open\src\hotspot\share\classfile\systemDictionary.cpp, line 256]
Event: 0.597 Thread 0x0000020cbe935350 Exception <a 'java/lang/ClassNotFoundException'{0x00000000a661f7f0}: ToggleButton> (0x00000000a661f7f0) 
thrown [t:\workspace\open\src\hotspot\share\classfile\systemDictionary.cpp, line 256]
Event: 0.597 Thread 0x0000020cbe935350 Exception <a 'java/lang/ClassNotFoundException'{0x00000000a661fc30}: javax/swing/JToolBarSeparator> (0x00000000a661fc30) 
thrown [t:\workspace\open\src\hotspot\share\classfile\systemDictionary.cpp, line 256]
Event: 0.597 Thread 0x0000020cbe935350 Exception <a 'java/lang/ClassNotFoundException'{0x00000000a661ff38}: ToolBarSeparator> (0x00000000a661ff38) 
thrown [t:\workspace\open\src\hotspot\share\classfile\systemDictionary.cpp, line 256]
Event: 0.598 Thread 0x0000020cbe935350 Exception <a 'java/lang/ClassNotFoundException'{0x00000000a6620450}: ToolTip> (0x00000000a6620450) 
thrown [t:\workspace\open\src\hotspot\share\classfile\systemDictionary.cpp, line 256]
Event: 0.599 Thread 0x0000020cbe935350 Exception <a 'java/lang/ClassNotFoundException'{0x00000000a6620da0}: Tree> (0x00000000a6620da0) 
thrown [t:\workspace\open\src\hotspot\share\classfile\systemDictionary.cpp, line 256]
Event: 0.599 Thread 0x0000020cbe935350 Exception <a 'java/lang/ClassNotFoundException'{0x00000000a6621298}: Tree> (0x00000000a6621298) 
thrown [t:\workspace\open\src\hotspot\share\classfile\systemDictionary.cpp, line 256]
Event: 0.599 Thread 0x0000020cbe935350 Exception <a 'java/lang/ClassNotFoundException'{0x00000000a6621608}: javax/swing/JTreeCell> (0x00000000a6621608) 
thrown [t:\workspace\open\src\hotspot\share\classfile\systemDictionary.cpp, line 256]
Event: 0.599 Thread 0x0000020cbe935350 Exception <a 'java/lang/ClassNotFoundException'{0x00000000a6621908}: TreeCell> (0x00000000a6621908) 
thrown [t:\workspace\open\src\hotspot\share\classfile\systemDictionary.cpp, line 256]
Event: 0.600 Thread 0x0000020cbe935350 Exception <a 'java/lang/ClassNotFoundException'{0x00000000a66220c8}: RootPane> (0x00000000a66220c8) 
thrown [t:\workspace\open\src\hotspot\share\classfile\systemDictionary.cpp, line 256]
Event: 0.603 Thread 0x0000020cbe935350 Exception <a 'java/lang/ClassNotFoundException'{0x00000000a6624f18}: com/sun/swing/internal/plaf/metal/resources/spi/metalProvider> (0x00000000a6624f18) 
thrown [t:\workspace\open\src\hotspot\share\classfile\systemDictionary.cpp, line 256]
Event: 0.604 Thread 0x0000020cbe935350 Exception <a 'java/lang/ClassNotFoundException'{0x00000000a6628b18}: com/sun/swing/internal/plaf/basic/resources/spi/basicProvider> (0x00000000a6628b18) 
thrown [t:\workspace\open\src\hotspot\share\classfile\systemDictionary.cpp, line 256]
Event: 0.850 Thread 0x0000020cdc3c6240 Exception <a 'java/lang/ClassNotFoundException'{0x00000000a669b4b0}: com/sun/swing/internal/plaf/synth/resources/spi/synthProvider> (0x00000000a669b4b0) 
thrown [t:\workspace\open\src\hotspot\share\classfile\systemDictionary.cpp, line 256]
Event: 1.040 Thread 0x0000020cdc312510 Exception <a 'java/lang/NoSuchMethodError'{0x00000000a68950d0}: 'void java.lang.invoke.DirectMethodHandle$Holder.invokeVirtual(java.lang.Object, java.lang.Object)'> (0x00000000a68950d0) 
thrown [t:\workspace\open\src\hotspot\share\interpreter\linkResolver.cpp, line 766]
Event: 1.081 Thread 0x0000020cdc3c6240 Exception <a 'java/lang/NoSuchMethodError'{0x00000000a658a728}: 'void java.lang.invoke.DirectMethodHandle$Holder.invokeStaticInit(java.lang.Object)'> (0x00000000a658a728) 
thrown [t:\workspace\open\src\hotspot\share\interpreter\linkResolver.cpp, line 766]
Event: 1.468 Thread 0x0000020cdc3c6240 Exception <a 'java/lang/NoSuchMethodError'{0x00000000a6305650}: 'java.lang.Object java.lang.invoke.DirectMethodHandle$Holder.invokeInterface(java.lang.Object, java.lang.Object)'> (0x00000000a6305650) 
thrown [t:\workspace\open\src\hotspot\share\interpreter\linkResolver.cpp, line 766]

VM Operations (6 events):
Event: 0.145 Executing VM operation: HandshakeAllThreads
Event: 0.145 Executing VM operation: HandshakeAllThreads done
Event: 0.544 Executing VM operation: HandshakeAllThreads
Event: 0.544 Executing VM operation: HandshakeAllThreads done
Event: 0.966 Executing VM operation: HandshakeAllThreads
Event: 0.966 Executing VM operation: HandshakeAllThreads done

Events (20 events):
Event: 1.509 loading class java/util/stream/Nodes$SpinedNodeBuilder
Event: 1.510 loading class java/util/stream/Node$Builder
Event: 1.510 loading class java/util/stream/Node$Builder done
Event: 1.510 loading class java/util/stream/SpinedBuffer
Event: 1.510 loading class java/util/stream/AbstractSpinedBuffer
Event: 1.511 loading class java/util/stream/AbstractSpinedBuffer done
Event: 1.511 loading class java/util/stream/SpinedBuffer done
Event: 1.511 loading class java/util/stream/Nodes$SpinedNodeBuilder done
Event: 1.512 loading class java/util/zip/ZipFile$ZipEntryIterator
Event: 1.513 loading class java/util/zip/ZipFile$ZipEntryIterator done
Event: 1.514 loading class java/util/ResourceBundle$Control$2
Event: 1.514 loading class java/util/ResourceBundle$Control$2 done
Event: 1.517 loading class java/util/PropertyResourceBundle
Event: 1.517 loading class java/util/PropertyResourceBundle done
Event: 1.517 loading class sun/util/PropertyResourceBundleCharset
Event: 1.517 loading class sun/util/PropertyResourceBundleCharset done
Event: 1.518 loading class sun/util/PropertyResourceBundleCharset$PropertiesFileDecoder
Event: 1.518 loading class sun/util/PropertyResourceBundleCharset$PropertiesFileDecoder done
Event: 1.533 Thread 0x0000020cdd4aa440 Thread added: 0x0000020cdd4aa440
Event: 1.546 loading class java/text/MessageFormat


Dynamic libraries:
0x00007ff66e210000 - 0x00007ff66e220000 	C:\Program Files\Java\jdk-17.0.1\bin\java.exe
0x00007ff89b880000 - 0x00007ff89bae6000 	C:\WINDOWS\SYSTEM32\ntdll.dll
0x00007ff89a7b0000 - 0x00007ff89a879000 	C:\WINDOWS\System32\KERNEL32.DLL
0x00007ff899270000 - 0x00007ff89963c000 	C:\WINDOWS\System32\KERNELBASE.dll
0x00007ff898a10000 - 0x00007ff898b5b000 	C:\WINDOWS\System32\ucrtbase.dll
0x00007ff896260000 - 0x00007ff896278000 	C:\Program Files\Java\jdk-17.0.1\bin\jli.dll
0x00007ff895590000 - 0x00007ff8955aa000 	C:\Program Files\Java\jdk-17.0.1\bin\VCRUNTIME140.dll
0x00007ff89b5a0000 - 0x00007ff89b652000 	C:\WINDOWS\System32\ADVAPI32.dll
0x00007ff89ade0000 - 0x00007ff89ae89000 	C:\WINDOWS\System32\msvcrt.dll
0x00007ff89b660000 - 0x00007ff89b706000 	C:\WINDOWS\System32\sechost.dll
0x00007ff89b480000 - 0x00007ff89b596000 	C:\WINDOWS\System32\RPCRT4.dll
0x00007ff89b1c0000 - 0x00007ff89b38a000 	C:\WINDOWS\System32\USER32.dll
0x00007ff898b60000 - 0x00007ff898b87000 	C:\WINDOWS\System32\win32u.dll
0x00007ff8845a0000 - 0x00007ff88483a000 	C:\WINDOWS\WinSxS\amd64_microsoft.windows.common-controls_6595b64144ccf1df_6.0.26100.3912_none_3e07963ce335137e\COMCTL32.dll
0x00007ff89ae90000 - 0x00007ff89aebb000 	C:\WINDOWS\System32\GDI32.dll
0x00007ff899090000 - 0x00007ff8991c2000 	C:\WINDOWS\System32\gdi32full.dll
0x00007ff898b90000 - 0x00007ff898c33000 	C:\WINDOWS\System32\msvcp_win.dll
0x00007ff898310000 - 0x00007ff89831b000 	C:\WINDOWS\SYSTEM32\VERSION.dll
0x00007ff89ada0000 - 0x00007ff89add0000 	C:\WINDOWS\System32\IMM32.DLL
0x0000000054670000 - 0x000000005467c000 	C:\Program Files (x86)\360\Total Security\safemon\SafeWrapper.dll
0x00007ff85e600000 - 0x00007ff85e6ac000 	C:\Program Files (x86)\360\Total Security\safemon\libzdtp64.dll
0x00007ff899660000 - 0x00007ff899d8d000 	C:\WINDOWS\System32\SHELL32.dll
0x00007ff898f10000 - 0x00007ff899084000 	C:\WINDOWS\System32\wintypes.dll
0x00007ff89a100000 - 0x00007ff89a484000 	C:\WINDOWS\System32\combase.dll
0x00007ff89a090000 - 0x00007ff89a0f9000 	C:\WINDOWS\System32\SHLWAPI.dll
0x00007ff895ef0000 - 0x00007ff895efc000 	C:\Program Files\Java\jdk-17.0.1\bin\vcruntime140_1.dll
0x00007ff886d40000 - 0x00007ff886dcd000 	C:\Program Files\Java\jdk-17.0.1\bin\msvcp140.dll
0x00007ff82d8f0000 - 0x00007ff82e4ae000 	C:\Program Files\Java\jdk-17.0.1\bin\server\jvm.dll
0x00007ff89b7b0000 - 0x00007ff89b7b8000 	C:\WINDOWS\System32\PSAPI.DLL
0x00007ff895360000 - 0x00007ff895396000 	C:\WINDOWS\SYSTEM32\WINMM.dll
0x00007ff895f20000 - 0x00007ff895f2a000 	C:\WINDOWS\SYSTEM32\WSOCK32.dll
0x00007ff89b7c0000 - 0x00007ff89b834000 	C:\WINDOWS\System32\WS2_32.dll
0x00007ff897740000 - 0x00007ff89775a000 	C:\WINDOWS\SYSTEM32\kernel.appcore.dll
0x00007ff8953e0000 - 0x00007ff8953ea000 	C:\Program Files\Java\jdk-17.0.1\bin\jimage.dll
0x00007ff895ff0000 - 0x00007ff896231000 	C:\WINDOWS\SYSTEM32\DBGHELP.DLL
0x00007ff89b390000 - 0x00007ff89b470000 	C:\WINDOWS\System32\OLEAUT32.dll
0x00007ff881080000 - 0x00007ff8810b9000 	C:\WINDOWS\SYSTEM32\dbgcore.DLL
0x00007ff8991d0000 - 0x00007ff899269000 	C:\WINDOWS\System32\bcryptPrimitives.dll
0x00007ff895100000 - 0x00007ff895125000 	C:\Program Files\Java\jdk-17.0.1\bin\java.dll
0x00007ff88c490000 - 0x00007ff88c566000 	C:\Program Files\Java\jdk-17.0.1\bin\svml.dll
0x00007ff8965f0000 - 0x00007ff896e46000 	C:\WINDOWS\SYSTEM32\windows.storage.dll
0x00007ff89a490000 - 0x00007ff89a57f000 	C:\WINDOWS\System32\SHCORE.dll
0x00007ff898920000 - 0x00007ff89894f000 	C:\WINDOWS\SYSTEM32\profapi.dll
0x00007ff8953a0000 - 0x00007ff8953b9000 	C:\Program Files\Java\jdk-17.0.1\bin\net.dll
0x00007ff88b750000 - 0x00007ff88b86e000 	C:\WINDOWS\SYSTEM32\WINHTTP.dll
0x00007ff897cd0000 - 0x00007ff897d3a000 	C:\WINDOWS\system32\mswsock.dll
0x00007ff8950c0000 - 0x00007ff8950d5000 	C:\Program Files\Java\jdk-17.0.1\bin\nio.dll
0x00007ff894f60000 - 0x00007ff894f78000 	C:\Program Files\Java\jdk-17.0.1\bin\zip.dll
0x00007ff86d4b0000 - 0x00007ff86d63f000 	C:\Program Files\Java\jdk-17.0.1\bin\awt.dll
0x00007ff8955b0000 - 0x00007ff89564e000 	C:\WINDOWS\SYSTEM32\apphelp.dll
0x00007ff8956a0000 - 0x00007ff89574f000 	C:\WINDOWS\system32\uxtheme.dll
0x00007ff89a640000 - 0x00007ff89a79f000 	C:\WINDOWS\System32\MSCTF.dll
0x00007ff89af10000 - 0x00007ff89b0af000 	C:\WINDOWS\System32\ole32.dll
0x00007ff8959c0000 - 0x00007ff8959f6000 	C:\WINDOWS\system32\DWMAPI.DLL
0x00007ff886cb0000 - 0x00007ff886d39000 	C:\Program Files\Java\jdk-17.0.1\bin\freetype.dll
0x00007ff8753f0000 - 0x00007ff875498000 	C:\Program Files\Java\jdk-17.0.1\bin\fontmanager.dll
0x00007ff877110000 - 0x00007ff87721c000 	C:\WINDOWS\system32\opengl32.dll
0x00007ff87ea00000 - 0x00007ff87ea2d000 	C:\WINDOWS\SYSTEM32\GLU32.dll
0x00007ff8957a0000 - 0x00007ff8957e7000 	C:\WINDOWS\SYSTEM32\dxcore.dll
0x00007ff87e310000 - 0x00007ff87e4c5000 	C:\WINDOWS\system32\d3d9.dll
0x00007ff892780000 - 0x00007ff892938000 	C:\Windows\System32\DriverStore\FileRepository\u0379124.inf_amd64_8773bc065cfe07b7\B377477\aticfx64.dll
0x00007ff8146d0000 - 0x00007ff814704000 	C:\Windows\System32\DriverStore\FileRepository\u0379124.inf_amd64_8773bc065cfe07b7\B377477\atiu9p64.dll
0x00007ff811420000 - 0x00007ff812174000 	C:\Windows\System32\DriverStore\FileRepository\u0379124.inf_amd64_8773bc065cfe07b7\B377477\atiumd64.dll
0x00000000537f0000 - 0x0000000054663000 	C:\WINDOWS\System32\DriverStore\FileRepository\u0379124.inf_amd64_8773bc065cfe07b7\B377477\atiumd6a.dll
0x00007ff89a890000 - 0x00007ff89ad16000 	C:\WINDOWS\System32\SETUPAPI.dll
0x00007ff898880000 - 0x00007ff8988de000 	C:\WINDOWS\SYSTEM32\POWRPROF.dll
0x00007ff898860000 - 0x00007ff898874000 	C:\WINDOWS\SYSTEM32\UMPDC.dll
0x00007ff893c00000 - 0x00007ff893c30000 	C:\WINDOWS\SYSTEM32\amdihk64.dll
0x00007ff8957f0000 - 0x00007ff895850000 	C:\WINDOWS\SYSTEM32\directxdatabasehelper.dll
0x00007ff89a590000 - 0x00007ff89a638000 	C:\WINDOWS\System32\clbcatq.dll
0x00007ff893950000 - 0x00007ff893b8a000 	C:\WINDOWS\SYSTEM32\WindowsCodecs.dll
0x00007ff881000000 - 0x00007ff88105a000 	C:\WINDOWS\system32\dataexchange.dll
0x00007ff8901c0000 - 0x00007ff8903fc000 	C:\WINDOWS\system32\twinapi.appcore.dll

dbghelp: loaded successfully - version: 4.0.5 - missing functions: none
symbol engine: initialized successfully - sym options: 0x614 - pdb path: .;C:\Program Files\Java\jdk-17.0.1\bin;C:\WINDOWS\SYSTEM32;C:\WINDOWS\WinSxS\amd64_microsoft.windows.common-controls_6595b64144ccf1df_6.0.26100.3912_none_3e07963ce335137e;C:\Program Files (x86)\360\Total Security\safemon;C:\Program Files\Java\jdk-17.0.1\bin\server;C:\Windows\System32\DriverStore\FileRepository\u0379124.inf_amd64_8773bc065cfe07b7\B377477

VM Arguments:
jvm_args: -Dfile.encoding=UTF-8 --module-path=C:\laragon\www\oovpfinalproject (2)\finalproject\finalproject\build\classes 
java_command: finalproject.Checkout
java_class_path (initial): C:\laragon\www\oovpfinalproject (2)\finalproject\finalproject\lib\absolutelayout\AbsoluteLayout.jar;C:\laragon\www\oovpfinalproject (2)\finalproject\finalproject\lib\jcalendar-1.4.jar;C:\laragon\www\oovpfinalproject (2)\finalproject\finalproject\lib\mysql-connector-j-9.2.0.jar;C:\laragon\www\oovpfinalproject (2)\finalproject\finalproject\lib\rs2xml.jar;C:\laragon\www\oovpfinalproject (2)\finalproject\finalproject\lib\itextpdf-5.5.13.3.jar;C:\laragon\www\oovpfinalproject (2)\finalproject\finalproject\build\classes
Launcher Type: SUN_STANDARD

[Global flags]
     intx CICompilerCount                          = 3                                         {product} {ergonomic}
     uint ConcGCThreads                            = 1                                         {product} {ergonomic}
     uint G1ConcRefinementThreads                  = 4                                         {product} {ergonomic}
   size_t G1HeapRegionSize                         = 1048576                                   {product} {ergonomic}
    uintx GCDrainStackTargetSize                   = 64                                        {product} {ergonomic}
   size_t InitialHeapSize                          = 100663296                                 {product} {ergonomic}
   size_t MarkStackSize                            = 4194304                                   {product} {ergonomic}
   size_t MaxHeapSize                              = 1598029824                                {product} {ergonomic}
   size_t MaxNewSize                               = 958398464                                 {product} {ergonomic}
   size_t MinHeapDeltaBytes                        = 1048576                                   {product} {ergonomic}
   size_t MinHeapSize                              = 8388608                                   {product} {ergonomic}
    uintx NonNMethodCodeHeapSize                   = 5832780                                {pd product} {ergonomic}
    uintx NonProfiledCodeHeapSize                  = 122912730                              {pd product} {ergonomic}
    uintx ProfiledCodeHeapSize                     = 122912730                              {pd product} {ergonomic}
    uintx ReservedCodeCacheSize                    = 251658240                              {pd product} {ergonomic}
     bool SegmentedCodeCache                       = true                                      {product} {ergonomic}
   size_t SoftMaxHeapSize                          = 1598029824                             {manageable} {ergonomic}
     bool UseCompressedClassPointers               = true                           {product lp64_product} {ergonomic}
     bool UseCompressedOops                        = true                           {product lp64_product} {ergonomic}
     bool UseG1GC                                  = true                                      {product} {ergonomic}
     bool UseLargePagesIndividualAllocation        = false                                  {pd product} {ergonomic}

Logging:
Log output configuration:
 #0: stdout all=warning uptime,level,tags
 #1: stderr all=off uptime,level,tags

Environment Variables:
JAVA_HOME=C:\Program Files\Java\jdk-23
PATH=C:\Program Files\Common Files\Oracle\Java\javapath;C:\WINDOWS\system32;C:\WINDOWS;C:\WINDOWS\System32\Wbem;C:\WINDOWS\System32\WindowsPowerShell\v1.0\;C:\WINDOWS\System32\OpenSSH\;C:\MinGW\bin;C:\Program Files\Git\cmd;C:\xampp\php;C:\ProgramData\ComposerSetup\bin;C:\Program Files\nodejs\;C:\Program Files\dotnet\;C:\Users\ASUS\AppData\Local\Programs\Python\Launcher\;C:\Users\ASUS\AppData\Local\Microsoft\WindowsApps;C:\Users\ASUS\AppData\Local\Programs\Microsoft VS Code\bin;C:\MinGW\bin;C:\Users\ASUS\AppData\Roaming\Composer\vendor\bin;C:\Users\ASUS\AppData\Roaming\npm
USERNAME=ASUS
OS=Windows_NT
PROCESSOR_IDENTIFIER=AMD64 Family 23 Model 24 Stepping 1, AuthenticAMD



---------------  S Y S T E M  ---------------

OS:
 Windows 10 , 64 bit Build 26100 (10.0.26100.3912)
OS uptime: 4 days 16:19 hours
Hyper-V role detected

CPU: total 4 (initial active 4) (4 cores per cpu, 2 threads per core) family 23 model 24 stepping 1 microcode 0x8108109, cx8, cmov, fxsr, ht, mmx, 3dnowpref, sse, sse2, sse3, ssse3, sse4a, sse4.1, sse4.2, popcnt, lzcnt, tsc, tscinvbit, avx, avx2, aes, clmul, bmi1, bmi2, adx, sha, fma, vzeroupper, clflush, clflushopt, hv

Memory: 4k page, system-wide physical 6094M (687M free)
TotalPageFile size 24526M (AvailPageFile size 0M)
current process WorkingSet (physical memory assigned to process): 77M, peak: 77M
current process commit charge ("private bytes"): 200M, peak: 201M

vm_info: Java HotSpot(TM) 64-Bit Server VM (17.0.1+12-LTS-39) for windows-amd64 JRE (17.0.1+12-LTS-39), built on Sep 27 2021 18:41:35 by "mach5one" with MS VC++ 16.8 (VS2019)

END.
